<?xml version="1.0" encoding="UTF-8"?>
<testsuites name="Transaksi Tanpa Voucher" time="277.347" tests="3" failures="0" errors="0">
   <testsuite name="Transaksi Tanpa Voucher" tests="3" failures="0" errors="0" time="277.347" timestamp="2019-11-14 13:09:29" hostname="ACER - DESKTOP-7AL66LS" id="Test Suites/Transaksi Tanpa Voucher">
      <properties>
         <property name="deviceName" value=""/>
         <property name="devicePlatform" value=""/>
         <property name="logFolder" value="D:\\Personal Project\\Katalon\\Projects\\automation-EcommerceKF\\Reports\\20191114_130921\\Transaksi Tanpa Voucher\\20191114_130921"/>
         <property name="logFiles" value="D:\\Personal Project\\Katalon\\Projects\\automation-EcommerceKF\\Reports\\20191114_130921\\Transaksi Tanpa Voucher\\20191114_130921\\execution0.log"/>
         <property name="attachments" value=""/>
         <property name="hostName" value="ACER - DESKTOP-7AL66LS"/>
         <property name="os" value="Windows 10 64bit"/>
         <property name="katalonVersion" value="7.0.8.1"/>
         <property name="browser" value="Chrome 78.0.3904.97"/>
         <property name="hostAddress" value="192.168.1.65"/>
         <property name="sessionId" value="22c54723fa2922f06c2cbc1e53e7bb16"/>
         <property name="seleniumVersion" value="3.141.59"/>
         <property name="proxyInformation" value="ProxyInformation{proxyOption=NO_PROXY, proxyServerType=HTTP, password=, proxyServerAddress=, proxyServerPort=0}"/>
         <property name="platform" value="Windows 10"/>
      </properties>
      <testcase name="Test Cases/Transaksi/Tanpa Voucher/Proses Pembayaran degan E-Wallet" time="104.111" classname="Test Cases/Transaksi/Tanpa Voucher/Proses Pembayaran degan E-Wallet" status="PASSED">
         <system-out><![CDATA[2019-11-14 13:09:29 - [TEST_CASE][PASSED] - Test Cases/Transaksi/Tanpa Voucher/Proses Pembayaran degan E-Wallet: Test Cases/Transaksi/Tanpa Voucher/Proses Pembayaran degan E-Wallet

2019-11-14 13:09:29 - [TEST_STEP][PASSED] - callTestCase(findTestCase("Keranjang/AddCart_ByIcon"), [:], STOP_ON_FAILURE): Call Test Case 'Test Cases/Keranjang/AddCart_ByIcon' successfully

2019-11-14 13:09:29 - [TEST_CASE][PASSED] - Test Cases/Keranjang/AddCart_ByIcon: Test Cases/Keranjang/AddCart_ByIcon

2019-11-14 13:09:29 - [TEST_STEP][PASSED] - callTestCase(findTestCase("UserAuthentication/Login"), [:], STOP_ON_FAILURE): Call Test Case 'Test Cases/UserAuthentication/Login' successfully

2019-11-14 13:09:29 - [TEST_CASE][PASSED] - Test Cases/UserAuthentication/Login: Test Cases/UserAuthentication/Login

2019-11-14 13:09:29 - [TEST_STEP][PASSED] - openBrowser(""): Browser is opened with url: ''

2019-11-14 13:09:30 - [MESSAGE][INFO] - Starting 'Chrome' driver

2019-11-14 13:09:30 - [MESSAGE][INFO] - Action delay is set to 0 seconds

2019-11-14 13:09:36 - [MESSAGE][PASSED] - Browser is opened with url: ''

2019-11-14 13:09:36 - [TEST_STEP][PASSED] - navigateToUrl("https://kimiafarma.gits.app/"): Navigate to 'https://kimiafarma.gits.app/' successfully

2019-11-14 13:10:21 - [MESSAGE][PASSED] - Navigate to 'https://kimiafarma.gits.app/' successfully

2019-11-14 13:10:21 - [TEST_STEP][PASSED] - click(findTestObject("Page_Homepage  Kimia Farma/a_Login")): Object: 'Object Repository/Page_Homepage  Kimia Farma/a_Login' is clicked on

2019-11-14 13:10:23 - [MESSAGE][PASSED] - Object: 'Object Repository/Page_Homepage  Kimia Farma/a_Login' is clicked on

2019-11-14 13:10:23 - [TEST_STEP][PASSED] - setText(findTestObject("Page_Login  Kimia Farma/input_Login_email"), "rizky.falih@gits.id"): Text 'rizky.falih@gits.id' is set on object 'Object Repository/Page_Login  Kimia Farma/input_Login_email'

2019-11-14 13:10:24 - [MESSAGE][PASSED] - Text 'rizky.falih@gits.id' is set on object 'Object Repository/Page_Login  Kimia Farma/input_Login_email'

2019-11-14 13:10:24 - [TEST_STEP][PASSED] - setText(findTestObject("Page_Login  Kimia Farma/input_Login_password"), "12345678"): Text '12345678' is set on object 'Object Repository/Page_Login  Kimia Farma/input_Login_password'

2019-11-14 13:10:25 - [MESSAGE][PASSED] - Text '12345678' is set on object 'Object Repository/Page_Login  Kimia Farma/input_Login_password'

2019-11-14 13:10:25 - [TEST_STEP][PASSED] - click(findTestObject("Page_Login  Kimia Farma/label_Tetap Masuk")): Object: 'Object Repository/Page_Login  Kimia Farma/label_Tetap Masuk' is clicked on

2019-11-14 13:10:25 - [MESSAGE][PASSED] - Object: 'Object Repository/Page_Login  Kimia Farma/label_Tetap Masuk' is clicked on

2019-11-14 13:10:25 - [TEST_STEP][PASSED] - click(findTestObject("Page_Login  Kimia Farma/button_Login")): Object: 'Object Repository/Page_Login  Kimia Farma/button_Login' is clicked on

2019-11-14 13:10:29 - [MESSAGE][PASSED] - Object: 'Object Repository/Page_Login  Kimia Farma/button_Login' is clicked on

2019-11-14 13:10:29 - [MESSAGE][PASSED] - Call Test Case 'Test Cases/UserAuthentication/Login' successfully

2019-11-14 13:10:29 - [TEST_STEP][PASSED] - click(findTestObject("Page_Homepage  Kimia Farma/addCart_Celebon")): Object: 'Object Repository/Page_Homepage  Kimia Farma/addCart_Celebon' is clicked on

2019-11-14 13:10:30 - [MESSAGE][PASSED] - Object: 'Object Repository/Page_Homepage  Kimia Farma/addCart_Celebon' is clicked on

2019-11-14 13:10:30 - [MESSAGE][PASSED] - Call Test Case 'Test Cases/Keranjang/AddCart_ByIcon' successfully

2019-11-14 13:10:30 - [TEST_STEP][PASSED] - click(findTestObject("Page_Homepage  Kimia Farma/cart_icon")): Object: 'Object Repository/Page_Homepage  Kimia Farma/cart_icon' is clicked on

2019-11-14 13:10:34 - [MESSAGE][PASSED] - Object: 'Object Repository/Page_Homepage  Kimia Farma/cart_icon' is clicked on

2019-11-14 13:10:34 - [TEST_STEP][PASSED] - click(findTestObject("Page_My Cart  Kimia Farma/tambahBarang_icon")): Object: 'Object Repository/Page_My Cart  Kimia Farma/tambahBarang_icon' is clicked on

2019-11-14 13:10:36 - [MESSAGE][PASSED] - Object: 'Object Repository/Page_My Cart  Kimia Farma/tambahBarang_icon' is clicked on

2019-11-14 13:10:36 - [TEST_STEP][PASSED] - click(findTestObject("Page_My Cart  Kimia Farma/BayarButton_ToShipping")): Object: 'Object Repository/Page_My Cart  Kimia Farma/BayarButton_ToShipping' is clicked on

2019-11-14 13:10:40 - [MESSAGE][PASSED] - Object: 'Object Repository/Page_My Cart  Kimia Farma/BayarButton_ToShipping' is clicked on

2019-11-14 13:10:40 - [TEST_STEP][PASSED] - click(findTestObject("Page_Shipping Address  Kimia Farma/BayarButton_ToPayment")): Object: 'Object Repository/Page_Shipping Address  Kimia Farma/BayarButton_ToPayment' is clicked on

2019-11-14 13:10:44 - [MESSAGE][PASSED] - Object: 'Object Repository/Page_Shipping Address  Kimia Farma/BayarButton_ToPayment' is clicked on

2019-11-14 13:10:44 - [TEST_STEP][PASSED] - click(findTestObject("Page_Payment Method  Kimia Farma/label_OVO")): Object: 'Object Repository/Page_Payment Method  Kimia Farma/label_OVO' is clicked on

2019-11-14 13:10:44 - [MESSAGE][PASSED] - Object: 'Object Repository/Page_Payment Method  Kimia Farma/label_OVO' is clicked on

2019-11-14 13:10:44 - [TEST_STEP][PASSED] - click(findTestObject("Page_Payment Method  Kimia Farma/a_Bayar")): Object: 'Object Repository/Page_Payment Method  Kimia Farma/a_Bayar' is clicked on

2019-11-14 13:10:48 - [MESSAGE][PASSED] - Object: 'Object Repository/Page_Payment Method  Kimia Farma/a_Bayar' is clicked on

2019-11-14 13:10:48 - [TEST_STEP][PASSED] - setText(findTestObject("Page_Checkout Payment  Kimia Farma/input_NoHandphone"), "0800000000000", STOP_ON_FAILURE): Text '0800000000000' is set on object 'Object Repository/Page_Checkout Payment  Kimia Farma/input_NoHandphone'

2019-11-14 13:10:49 - [MESSAGE][PASSED] - Text '0800000000000' is set on object 'Object Repository/Page_Checkout Payment  Kimia Farma/input_NoHandphone'

2019-11-14 13:10:49 - [TEST_STEP][PASSED] - click(findTestObject("Page_Checkout Payment  Kimia Farma/button_Proses")): Object: 'Object Repository/Page_Checkout Payment  Kimia Farma/button_Proses' is clicked on

2019-11-14 13:11:13 - [MESSAGE][PASSED] - Object: 'Object Repository/Page_Checkout Payment  Kimia Farma/button_Proses' is clicked on]]></system-out>
         <system-err><![CDATA[]]></system-err>
      </testcase>
      <testcase name="Test Cases/Transaksi/Tanpa Voucher/Proses Pembayaran dengan Kartu Kredit" time="107.449" classname="Test Cases/Transaksi/Tanpa Voucher/Proses Pembayaran dengan Kartu Kredit" status="PASSED">
         <system-out><![CDATA[2019-11-14 13:11:13 - [TEST_CASE][PASSED] - Test Cases/Transaksi/Tanpa Voucher/Proses Pembayaran dengan Kartu Kredit: Test Cases/Transaksi/Tanpa Voucher/Proses Pembayaran dengan Kartu Kredit

2019-11-14 13:11:13 - [TEST_STEP][PASSED] - callTestCase(findTestCase("Keranjang/AddCart_ByIcon"), [:], STOP_ON_FAILURE): Call Test Case 'Test Cases/Keranjang/AddCart_ByIcon' successfully

2019-11-14 13:11:13 - [TEST_CASE][PASSED] - Test Cases/Keranjang/AddCart_ByIcon: Test Cases/Keranjang/AddCart_ByIcon

2019-11-14 13:11:13 - [TEST_STEP][PASSED] - callTestCase(findTestCase("UserAuthentication/Login"), [:], STOP_ON_FAILURE): Call Test Case 'Test Cases/UserAuthentication/Login' successfully

2019-11-14 13:11:13 - [TEST_CASE][PASSED] - Test Cases/UserAuthentication/Login: Test Cases/UserAuthentication/Login

2019-11-14 13:11:13 - [TEST_STEP][PASSED] - openBrowser(""): Browser is opened with url: ''

2019-11-14 13:11:13 - [MESSAGE][WARNING] - A browser is already opened. Closing browser and opening a new one

2019-11-14 13:11:14 - [MESSAGE][INFO] - Starting 'Chrome' driver

2019-11-14 13:11:19 - [MESSAGE][PASSED] - Browser is opened with url: ''

2019-11-14 13:11:19 - [TEST_STEP][PASSED] - navigateToUrl("https://kimiafarma.gits.app/"): Navigate to 'https://kimiafarma.gits.app/' successfully

2019-11-14 13:12:16 - [MESSAGE][PASSED] - Navigate to 'https://kimiafarma.gits.app/' successfully

2019-11-14 13:12:16 - [TEST_STEP][PASSED] - click(findTestObject("Page_Homepage  Kimia Farma/a_Login")): Object: 'Object Repository/Page_Homepage  Kimia Farma/a_Login' is clicked on

2019-11-14 13:12:17 - [MESSAGE][PASSED] - Object: 'Object Repository/Page_Homepage  Kimia Farma/a_Login' is clicked on

2019-11-14 13:12:17 - [TEST_STEP][PASSED] - setText(findTestObject("Page_Login  Kimia Farma/input_Login_email"), "rizky.falih@gits.id"): Text 'rizky.falih@gits.id' is set on object 'Object Repository/Page_Login  Kimia Farma/input_Login_email'

2019-11-14 13:12:18 - [MESSAGE][PASSED] - Text 'rizky.falih@gits.id' is set on object 'Object Repository/Page_Login  Kimia Farma/input_Login_email'

2019-11-14 13:12:18 - [TEST_STEP][PASSED] - setText(findTestObject("Page_Login  Kimia Farma/input_Login_password"), "12345678"): Text '12345678' is set on object 'Object Repository/Page_Login  Kimia Farma/input_Login_password'

2019-11-14 13:12:18 - [MESSAGE][PASSED] - Text '12345678' is set on object 'Object Repository/Page_Login  Kimia Farma/input_Login_password'

2019-11-14 13:12:18 - [TEST_STEP][PASSED] - click(findTestObject("Page_Login  Kimia Farma/label_Tetap Masuk")): Object: 'Object Repository/Page_Login  Kimia Farma/label_Tetap Masuk' is clicked on

2019-11-14 13:12:18 - [MESSAGE][PASSED] - Object: 'Object Repository/Page_Login  Kimia Farma/label_Tetap Masuk' is clicked on

2019-11-14 13:12:18 - [TEST_STEP][PASSED] - click(findTestObject("Page_Login  Kimia Farma/button_Login")): Object: 'Object Repository/Page_Login  Kimia Farma/button_Login' is clicked on

2019-11-14 13:12:21 - [MESSAGE][PASSED] - Object: 'Object Repository/Page_Login  Kimia Farma/button_Login' is clicked on

2019-11-14 13:12:21 - [MESSAGE][PASSED] - Call Test Case 'Test Cases/UserAuthentication/Login' successfully

2019-11-14 13:12:21 - [TEST_STEP][PASSED] - click(findTestObject("Page_Homepage  Kimia Farma/addCart_Celebon")): Object: 'Object Repository/Page_Homepage  Kimia Farma/addCart_Celebon' is clicked on

2019-11-14 13:12:22 - [MESSAGE][PASSED] - Object: 'Object Repository/Page_Homepage  Kimia Farma/addCart_Celebon' is clicked on

2019-11-14 13:12:22 - [MESSAGE][PASSED] - Call Test Case 'Test Cases/Keranjang/AddCart_ByIcon' successfully

2019-11-14 13:12:22 - [TEST_STEP][PASSED] - click(findTestObject("Page_Homepage  Kimia Farma/cart_icon")): Object: 'Object Repository/Page_Homepage  Kimia Farma/cart_icon' is clicked on

2019-11-14 13:12:24 - [MESSAGE][PASSED] - Object: 'Object Repository/Page_Homepage  Kimia Farma/cart_icon' is clicked on

2019-11-14 13:12:24 - [TEST_STEP][PASSED] - click(findTestObject("Page_My Cart  Kimia Farma/tambahBarang_icon")): Object: 'Object Repository/Page_My Cart  Kimia Farma/tambahBarang_icon' is clicked on

2019-11-14 13:12:25 - [MESSAGE][PASSED] - Object: 'Object Repository/Page_My Cart  Kimia Farma/tambahBarang_icon' is clicked on

2019-11-14 13:12:25 - [TEST_STEP][PASSED] - click(findTestObject("Page_My Cart  Kimia Farma/BayarButton_ToShipping")): Object: 'Object Repository/Page_My Cart  Kimia Farma/BayarButton_ToShipping' is clicked on

2019-11-14 13:12:29 - [MESSAGE][PASSED] - Object: 'Object Repository/Page_My Cart  Kimia Farma/BayarButton_ToShipping' is clicked on

2019-11-14 13:12:29 - [TEST_STEP][PASSED] - click(findTestObject("Page_Shipping Address  Kimia Farma/BayarButton_ToPayment")): Object: 'Object Repository/Page_Shipping Address  Kimia Farma/BayarButton_ToPayment' is clicked on

2019-11-14 13:12:32 - [MESSAGE][PASSED] - Object: 'Object Repository/Page_Shipping Address  Kimia Farma/BayarButton_ToPayment' is clicked on

2019-11-14 13:12:32 - [TEST_STEP][PASSED] - click(findTestObject("Page_Payment Method  Kimia Farma/label_Credit Card")): Object: 'Object Repository/Page_Payment Method  Kimia Farma/label_Credit Card' is clicked on

2019-11-14 13:12:32 - [MESSAGE][PASSED] - Object: 'Object Repository/Page_Payment Method  Kimia Farma/label_Credit Card' is clicked on

2019-11-14 13:12:32 - [TEST_STEP][PASSED] - click(findTestObject("Page_Payment Method  Kimia Farma/a_Bayar")): Object: 'Object Repository/Page_Payment Method  Kimia Farma/a_Bayar' is clicked on

2019-11-14 13:12:35 - [MESSAGE][PASSED] - Object: 'Object Repository/Page_Payment Method  Kimia Farma/a_Bayar' is clicked on

2019-11-14 13:12:35 - [TEST_STEP][PASSED] - setText(findTestObject("Page_Checkout Payment  Kimia Farma/input_CardholderName"), "Bunga"): Text 'Bunga' is set on object 'Object Repository/Page_Checkout Payment  Kimia Farma/input_CardholderName'

2019-11-14 13:12:36 - [MESSAGE][PASSED] - Text 'Bunga' is set on object 'Object Repository/Page_Checkout Payment  Kimia Farma/input_CardholderName'

2019-11-14 13:12:36 - [TEST_STEP][PASSED] - setText(findTestObject("Page_Checkout Payment  Kimia Farma/input_CardNumber"), "5698788894560021"): Text '5698788894560021' is set on object 'Object Repository/Page_Checkout Payment  Kimia Farma/input_CardNumber'

2019-11-14 13:12:36 - [MESSAGE][PASSED] - Text '5698788894560021' is set on object 'Object Repository/Page_Checkout Payment  Kimia Farma/input_CardNumber'

2019-11-14 13:12:36 - [TEST_STEP][PASSED] - setText(findTestObject("Page_Checkout Payment  Kimia Farma/input_CVVNumber"), "588"): Text '588' is set on object 'Object Repository/Page_Checkout Payment  Kimia Farma/input_CVVNumber'

2019-11-14 13:12:37 - [MESSAGE][PASSED] - Text '588' is set on object 'Object Repository/Page_Checkout Payment  Kimia Farma/input_CVVNumber'

2019-11-14 13:12:37 - [TEST_STEP][PASSED] - setText(findTestObject("Page_Checkout Payment  Kimia Farma/input_ExpiryDateMonth"), "22"): Text '22' is set on object 'Object Repository/Page_Checkout Payment  Kimia Farma/input_ExpiryDateMonth'

2019-11-14 13:12:37 - [MESSAGE][PASSED] - Text '22' is set on object 'Object Repository/Page_Checkout Payment  Kimia Farma/input_ExpiryDateMonth'

2019-11-14 13:12:37 - [TEST_STEP][PASSED] - setText(findTestObject("Page_Checkout Payment  Kimia Farma/input_ExpiryDateYear"), "23"): Text '23' is set on object 'Object Repository/Page_Checkout Payment  Kimia Farma/input_ExpiryDateYear'

2019-11-14 13:12:38 - [MESSAGE][PASSED] - Text '23' is set on object 'Object Repository/Page_Checkout Payment  Kimia Farma/input_ExpiryDateYear'

2019-11-14 13:12:38 - [TEST_STEP][PASSED] - click(findTestObject("Page_Checkout Payment  Kimia Farma/button_Proses")): Object: 'Object Repository/Page_Checkout Payment  Kimia Farma/button_Proses' is clicked on

2019-11-14 13:13:00 - [MESSAGE][PASSED] - Object: 'Object Repository/Page_Checkout Payment  Kimia Farma/button_Proses' is clicked on]]></system-out>
         <system-err><![CDATA[]]></system-err>
      </testcase>
      <testcase name="Test Cases/Transaksi/Tanpa Voucher/Proses Pembayaran dengan Virtual Account" time="64.504" classname="Test Cases/Transaksi/Tanpa Voucher/Proses Pembayaran dengan Virtual Account" status="PASSED">
         <system-out><![CDATA[2019-11-14 13:13:00 - [TEST_CASE][PASSED] - Test Cases/Transaksi/Tanpa Voucher/Proses Pembayaran dengan Virtual Account: Test Cases/Transaksi/Tanpa Voucher/Proses Pembayaran dengan Virtual Account

2019-11-14 13:13:01 - [TEST_STEP][PASSED] - callTestCase(findTestCase("Keranjang/AddCart_ByIcon"), [:], STOP_ON_FAILURE): Call Test Case 'Test Cases/Keranjang/AddCart_ByIcon' successfully

2019-11-14 13:13:01 - [TEST_CASE][PASSED] - Test Cases/Keranjang/AddCart_ByIcon: Test Cases/Keranjang/AddCart_ByIcon

2019-11-14 13:13:01 - [TEST_STEP][PASSED] - callTestCase(findTestCase("UserAuthentication/Login"), [:], STOP_ON_FAILURE): Call Test Case 'Test Cases/UserAuthentication/Login' successfully

2019-11-14 13:13:01 - [TEST_CASE][PASSED] - Test Cases/UserAuthentication/Login: Test Cases/UserAuthentication/Login

2019-11-14 13:13:01 - [TEST_STEP][PASSED] - openBrowser(""): Browser is opened with url: ''

2019-11-14 13:13:01 - [MESSAGE][WARNING] - A browser is already opened. Closing browser and opening a new one

2019-11-14 13:13:01 - [MESSAGE][INFO] - Starting 'Chrome' driver

2019-11-14 13:13:06 - [MESSAGE][PASSED] - Browser is opened with url: ''

2019-11-14 13:13:06 - [TEST_STEP][PASSED] - navigateToUrl("https://kimiafarma.gits.app/"): Navigate to 'https://kimiafarma.gits.app/' successfully

2019-11-14 13:13:43 - [MESSAGE][PASSED] - Navigate to 'https://kimiafarma.gits.app/' successfully

2019-11-14 13:13:43 - [TEST_STEP][PASSED] - click(findTestObject("Page_Homepage  Kimia Farma/a_Login")): Object: 'Object Repository/Page_Homepage  Kimia Farma/a_Login' is clicked on

2019-11-14 13:13:44 - [MESSAGE][PASSED] - Object: 'Object Repository/Page_Homepage  Kimia Farma/a_Login' is clicked on

2019-11-14 13:13:44 - [TEST_STEP][PASSED] - setText(findTestObject("Page_Login  Kimia Farma/input_Login_email"), "rizky.falih@gits.id"): Text 'rizky.falih@gits.id' is set on object 'Object Repository/Page_Login  Kimia Farma/input_Login_email'

2019-11-14 13:13:45 - [MESSAGE][PASSED] - Text 'rizky.falih@gits.id' is set on object 'Object Repository/Page_Login  Kimia Farma/input_Login_email'

2019-11-14 13:13:45 - [TEST_STEP][PASSED] - setText(findTestObject("Page_Login  Kimia Farma/input_Login_password"), "12345678"): Text '12345678' is set on object 'Object Repository/Page_Login  Kimia Farma/input_Login_password'

2019-11-14 13:13:46 - [MESSAGE][PASSED] - Text '12345678' is set on object 'Object Repository/Page_Login  Kimia Farma/input_Login_password'

2019-11-14 13:13:46 - [TEST_STEP][PASSED] - click(findTestObject("Page_Login  Kimia Farma/label_Tetap Masuk")): Object: 'Object Repository/Page_Login  Kimia Farma/label_Tetap Masuk' is clicked on

2019-11-14 13:13:46 - [MESSAGE][PASSED] - Object: 'Object Repository/Page_Login  Kimia Farma/label_Tetap Masuk' is clicked on

2019-11-14 13:13:46 - [TEST_STEP][PASSED] - click(findTestObject("Page_Login  Kimia Farma/button_Login")): Object: 'Object Repository/Page_Login  Kimia Farma/button_Login' is clicked on

2019-11-14 13:13:48 - [MESSAGE][PASSED] - Object: 'Object Repository/Page_Login  Kimia Farma/button_Login' is clicked on

2019-11-14 13:13:48 - [MESSAGE][PASSED] - Call Test Case 'Test Cases/UserAuthentication/Login' successfully

2019-11-14 13:13:48 - [TEST_STEP][PASSED] - click(findTestObject("Page_Homepage  Kimia Farma/addCart_Celebon")): Object: 'Object Repository/Page_Homepage  Kimia Farma/addCart_Celebon' is clicked on

2019-11-14 13:13:49 - [MESSAGE][PASSED] - Object: 'Object Repository/Page_Homepage  Kimia Farma/addCart_Celebon' is clicked on

2019-11-14 13:13:49 - [MESSAGE][PASSED] - Call Test Case 'Test Cases/Keranjang/AddCart_ByIcon' successfully

2019-11-14 13:13:49 - [TEST_STEP][PASSED] - click(findTestObject("Page_Homepage  Kimia Farma/cart_icon")): Object: 'Object Repository/Page_Homepage  Kimia Farma/cart_icon' is clicked on

2019-11-14 13:13:52 - [MESSAGE][PASSED] - Object: 'Object Repository/Page_Homepage  Kimia Farma/cart_icon' is clicked on

2019-11-14 13:13:52 - [TEST_STEP][PASSED] - click(findTestObject("Page_My Cart  Kimia Farma/tambahBarang_icon")): Object: 'Object Repository/Page_My Cart  Kimia Farma/tambahBarang_icon' is clicked on

2019-11-14 13:13:53 - [MESSAGE][PASSED] - Object: 'Object Repository/Page_My Cart  Kimia Farma/tambahBarang_icon' is clicked on

2019-11-14 13:13:53 - [TEST_STEP][PASSED] - click(findTestObject("Page_My Cart  Kimia Farma/BayarButton_ToShipping")): Object: 'Object Repository/Page_My Cart  Kimia Farma/BayarButton_ToShipping' is clicked on

2019-11-14 13:13:56 - [MESSAGE][PASSED] - Object: 'Object Repository/Page_My Cart  Kimia Farma/BayarButton_ToShipping' is clicked on

2019-11-14 13:13:56 - [TEST_STEP][PASSED] - click(findTestObject("Page_Shipping Address  Kimia Farma/BayarButton_ToPayment")): Object: 'Object Repository/Page_Shipping Address  Kimia Farma/BayarButton_ToPayment' is clicked on

2019-11-14 13:13:59 - [MESSAGE][PASSED] - Object: 'Object Repository/Page_Shipping Address  Kimia Farma/BayarButton_ToPayment' is clicked on

2019-11-14 13:13:59 - [TEST_STEP][PASSED] - click(findTestObject("Page_Payment Method  Kimia Farma/label_Virtual Account")): Object: 'Object Repository/Page_Payment Method  Kimia Farma/label_Virtual Account' is clicked on

2019-11-14 13:14:00 - [MESSAGE][PASSED] - Object: 'Object Repository/Page_Payment Method  Kimia Farma/label_Virtual Account' is clicked on

2019-11-14 13:14:00 - [TEST_STEP][PASSED] - click(findTestObject("Page_Payment Method  Kimia Farma/a_Bayar")): Object: 'Object Repository/Page_Payment Method  Kimia Farma/a_Bayar' is clicked on

2019-11-14 13:14:03 - [MESSAGE][PASSED] - Object: 'Object Repository/Page_Payment Method  Kimia Farma/a_Bayar' is clicked on

2019-11-14 13:14:03 - [TEST_STEP][PASSED] - selectOptionByLabel(findTestObject("Page_Checkout Payment  Kimia Farma/select_PilihBank"), "Mandiri", false): All options with label 'Mandiri' are selected in object 'Object Repository/Page_Checkout Payment  Kimia Farma/select_PilihBank' 

2019-11-14 13:14:04 - [MESSAGE][PASSED] - All options with label 'Mandiri' are selected in object 'Object Repository/Page_Checkout Payment  Kimia Farma/select_PilihBank' 

2019-11-14 13:14:04 - [TEST_STEP][PASSED] - click(findTestObject("Page_Checkout Payment  Kimia Farma/button_Proses")): Object: 'Object Repository/Page_Checkout Payment  Kimia Farma/button_Proses' is clicked on

2019-11-14 13:14:05 - [MESSAGE][PASSED] - Object: 'Object Repository/Page_Checkout Payment  Kimia Farma/button_Proses' is clicked on]]></system-out>
         <system-err><![CDATA[]]></system-err>
      </testcase>
      <system-out><![CDATA[2019-11-14 13:09:29 - [TEST_SUITE][PASSED] - Transaksi Tanpa Voucher: Test Cases/Transaksi/Tanpa Voucher/Proses Pembayaran dengan Virtual Account]]></system-out>
      <system-err><![CDATA[]]></system-err>
   </testsuite>
</testsuites>
